[0.014s] Invoking command in '/home/jeewantha/Desktop/GP7_Robot._Simulaion/build/gp7_robot': CMAKE_PREFIX_PATH=${CMAKE_PREFIX_PATH}:/opt/ros/jazzy CONDA_PROMPT_MODIFIER=(base) DEBUGINFOD_URLS=https://debuginfod.ubuntu.com /usr/bin/cmake /home/jeewantha/Desktop/GP7_Robot._Simulaion -DCMAKE_INSTALL_PREFIX=/home/jeewantha/Desktop/GP7_Robot._Simulaion/install/gp7_robot
[1.179s] -- The C compiler identification is GNU 13.3.0
[2.208s] -- The CXX compiler identification is GNU 13.3.0
[2.250s] -- Detecting C compiler ABI info
[2.613s] -- Detecting C compiler ABI info - done
[2.621s] -- Check for working C compiler: /usr/bin/cc - skipped
[2.622s] -- Detecting C compile features
[2.623s] -- Detecting C compile features - done
[2.638s] -- Detecting CXX compiler ABI info
[2.815s] -- Detecting CXX compiler ABI info - done
[2.833s] -- Check for working CXX compiler: /usr/bin/c++ - skipped
[2.834s] -- Detecting CXX compile features
[2.834s] -- Detecting CXX compile features - done
[2.974s] -- Found ament_cmake: 2.5.4 (/opt/ros/jazzy/share/ament_cmake/cmake)
[3.200s] -- Found Python3: /home/jeewantha/miniconda3/bin/python3 (found version "3.13.5") found components: Interpreter 
[3.748s] -- Found ament_lint_auto: 0.17.2 (/opt/ros/jazzy/share/ament_lint_auto/cmake)
[4.021s] -- Configuring done (4.0s)
[4.030s] -- Generating done (0.0s)
[4.034s] -- Build files have been written to: /home/jeewantha/Desktop/GP7_Robot._Simulaion/build/gp7_robot
[4.051s] Invoked command in '/home/jeewantha/Desktop/GP7_Robot._Simulaion/build/gp7_robot' returned '0': CMAKE_PREFIX_PATH=${CMAKE_PREFIX_PATH}:/opt/ros/jazzy CONDA_PROMPT_MODIFIER=(base) DEBUGINFOD_URLS=https://debuginfod.ubuntu.com /usr/bin/cmake /home/jeewantha/Desktop/GP7_Robot._Simulaion -DCMAKE_INSTALL_PREFIX=/home/jeewantha/Desktop/GP7_Robot._Simulaion/install/gp7_robot
[4.054s] Invoking command in '/home/jeewantha/Desktop/GP7_Robot._Simulaion/build/gp7_robot': CMAKE_PREFIX_PATH=${CMAKE_PREFIX_PATH}:/opt/ros/jazzy CONDA_PROMPT_MODIFIER=(base) DEBUGINFOD_URLS=https://debuginfod.ubuntu.com /usr/bin/cmake --build /home/jeewantha/Desktop/GP7_Robot._Simulaion/build/gp7_robot -- -j8 -l8
[4.169s] Invoked command in '/home/jeewantha/Desktop/GP7_Robot._Simulaion/build/gp7_robot' returned '0': CMAKE_PREFIX_PATH=${CMAKE_PREFIX_PATH}:/opt/ros/jazzy CONDA_PROMPT_MODIFIER=(base) DEBUGINFOD_URLS=https://debuginfod.ubuntu.com /usr/bin/cmake --build /home/jeewantha/Desktop/GP7_Robot._Simulaion/build/gp7_robot -- -j8 -l8
[4.203s] Invoking command in '/home/jeewantha/Desktop/GP7_Robot._Simulaion/build/gp7_robot': CMAKE_PREFIX_PATH=${CMAKE_PREFIX_PATH}:/opt/ros/jazzy CONDA_PROMPT_MODIFIER=(base) DEBUGINFOD_URLS=https://debuginfod.ubuntu.com /usr/bin/cmake --install /home/jeewantha/Desktop/GP7_Robot._Simulaion/build/gp7_robot
[4.218s] -- Install configuration: ""
[4.218s] -- Installing: /home/jeewantha/Desktop/GP7_Robot._Simulaion/install/gp7_robot/share/gp7_robot/config
[4.218s] -- Installing: /home/jeewantha/Desktop/GP7_Robot._Simulaion/install/gp7_robot/share/gp7_robot/config/joint_names_GP7 Robot.SLDASM.yaml
[4.223s] -- Installing: /home/jeewantha/Desktop/GP7_Robot._Simulaion/install/gp7_robot/share/gp7_robot/config/urdf.rviz
[4.224s] -- Installing: /home/jeewantha/Desktop/GP7_Robot._Simulaion/install/gp7_robot/share/gp7_robot/launch
[4.224s] -- Installing: /home/jeewantha/Desktop/GP7_Robot._Simulaion/install/gp7_robot/share/gp7_robot/launch/display.launch.py
[4.224s] -- Installing: /home/jeewantha/Desktop/GP7_Robot._Simulaion/install/gp7_robot/share/gp7_robot/launch/gazebo.launch
[4.230s] -- Installing: /home/jeewantha/Desktop/GP7_Robot._Simulaion/install/gp7_robot/share/gp7_robot/launch/display.launch
[4.230s] -- Installing: /home/jeewantha/Desktop/GP7_Robot._Simulaion/install/gp7_robot/share/gp7_robot/launch/display_auto.launch.py
[4.231s] -- Installing: /home/jeewantha/Desktop/GP7_Robot._Simulaion/install/gp7_robot/share/gp7_robot/launch/gazebo.launch.py
[4.231s] -- Installing: /home/jeewantha/Desktop/GP7_Robot._Simulaion/install/gp7_robot/share/gp7_robot/meshes
[4.231s] -- Installing: /home/jeewantha/Desktop/GP7_Robot._Simulaion/install/gp7_robot/share/gp7_robot/meshes/link_4.STL
[4.250s] -- Installing: /home/jeewantha/Desktop/GP7_Robot._Simulaion/install/gp7_robot/share/gp7_robot/meshes/link_7.STL
[4.251s] -- Installing: /home/jeewantha/Desktop/GP7_Robot._Simulaion/install/gp7_robot/share/gp7_robot/meshes/link_1.STL
[4.270s] -- Installing: /home/jeewantha/Desktop/GP7_Robot._Simulaion/install/gp7_robot/share/gp7_robot/meshes/link_6.STL
[4.274s] -- Installing: /home/jeewantha/Desktop/GP7_Robot._Simulaion/install/gp7_robot/share/gp7_robot/meshes/link_2.STL
[4.300s] -- Installing: /home/jeewantha/Desktop/GP7_Robot._Simulaion/install/gp7_robot/share/gp7_robot/meshes/link_8.STL
[4.301s] -- Installing: /home/jeewantha/Desktop/GP7_Robot._Simulaion/install/gp7_robot/share/gp7_robot/meshes/base_link.STL
[4.347s] -- Installing: /home/jeewantha/Desktop/GP7_Robot._Simulaion/install/gp7_robot/share/gp7_robot/meshes/link_5.STL
[4.356s] -- Installing: /home/jeewantha/Desktop/GP7_Robot._Simulaion/install/gp7_robot/share/gp7_robot/meshes/link_3.STL
[4.374s] -- Installing: /home/jeewantha/Desktop/GP7_Robot._Simulaion/install/gp7_robot/share/gp7_robot/urdf
[4.374s] -- Installing: /home/jeewantha/Desktop/GP7_Robot._Simulaion/install/gp7_robot/share/gp7_robot/urdf/GP7 Robot.SLDASM.csv
[4.375s] -- Installing: /home/jeewantha/Desktop/GP7_Robot._Simulaion/install/gp7_robot/share/gp7_robot/urdf/GP7 Robot.SLDASM.urdf
[4.375s] -- Installing: /home/jeewantha/Desktop/GP7_Robot._Simulaion/install/gp7_robot/share/ament_index/resource_index/package_run_dependencies/gp7_robot
[4.376s] -- Installing: /home/jeewantha/Desktop/GP7_Robot._Simulaion/install/gp7_robot/share/ament_index/resource_index/parent_prefix_path/gp7_robot
[4.376s] -- Installing: /home/jeewantha/Desktop/GP7_Robot._Simulaion/install/gp7_robot/share/gp7_robot/environment/ament_prefix_path.sh
[4.376s] -- Installing: /home/jeewantha/Desktop/GP7_Robot._Simulaion/install/gp7_robot/share/gp7_robot/environment/ament_prefix_path.dsv
[4.376s] -- Installing: /home/jeewantha/Desktop/GP7_Robot._Simulaion/install/gp7_robot/share/gp7_robot/environment/path.sh
[4.376s] -- Installing: /home/jeewantha/Desktop/GP7_Robot._Simulaion/install/gp7_robot/share/gp7_robot/environment/path.dsv
[4.376s] -- Installing: /home/jeewantha/Desktop/GP7_Robot._Simulaion/install/gp7_robot/share/gp7_robot/local_setup.bash
[4.376s] -- Installing: /home/jeewantha/Desktop/GP7_Robot._Simulaion/install/gp7_robot/share/gp7_robot/local_setup.sh
[4.376s] -- Installing: /home/jeewantha/Desktop/GP7_Robot._Simulaion/install/gp7_robot/share/gp7_robot/local_setup.zsh
[4.376s] -- Installing: /home/jeewantha/Desktop/GP7_Robot._Simulaion/install/gp7_robot/share/gp7_robot/local_setup.dsv
[4.376s] -- Installing: /home/jeewantha/Desktop/GP7_Robot._Simulaion/install/gp7_robot/share/gp7_robot/package.dsv
[4.380s] -- Installing: /home/jeewantha/Desktop/GP7_Robot._Simulaion/install/gp7_robot/share/ament_index/resource_index/packages/gp7_robot
[4.380s] -- Installing: /home/jeewantha/Desktop/GP7_Robot._Simulaion/install/gp7_robot/share/gp7_robot/cmake/gp7_robotConfig.cmake
[4.380s] -- Installing: /home/jeewantha/Desktop/GP7_Robot._Simulaion/install/gp7_robot/share/gp7_robot/cmake/gp7_robotConfig-version.cmake
[4.380s] -- Installing: /home/jeewantha/Desktop/GP7_Robot._Simulaion/install/gp7_robot/share/gp7_robot/package.xml
[4.382s] Invoked command in '/home/jeewantha/Desktop/GP7_Robot._Simulaion/build/gp7_robot' returned '0': CMAKE_PREFIX_PATH=${CMAKE_PREFIX_PATH}:/opt/ros/jazzy CONDA_PROMPT_MODIFIER=(base) DEBUGINFOD_URLS=https://debuginfod.ubuntu.com /usr/bin/cmake --install /home/jeewantha/Desktop/GP7_Robot._Simulaion/build/gp7_robot
