[0.007s] Invoking command in '/home/savindu/gp7_ws/build/gp7_robot_description': CMAKE_PREFIX_PATH=${CMAKE_PREFIX_PATH}:/opt/ros/jazzy DEBUGINFOD_URLS=https://debuginfod.ubuntu.com /usr/bin/cmake /home/savindu/gp7_ws/src/gp7_robot_description -DAMENT_CMAKE_SYMLINK_INSTALL=1 -DCMAKE_INSTALL_PREFIX=/home/savindu/gp7_ws/install/gp7_robot_description
[0.044s] -- The C compiler identification is GNU 13.3.0
[0.082s] -- The CXX compiler identification is GNU 13.3.0
[0.093s] -- Detecting C compiler ABI info
[0.161s] -- Detecting C compiler ABI info - done
[0.169s] -- Check for working C compiler: /usr/bin/cc - skipped
[0.169s] -- Detecting C compile features
[0.169s] -- Detecting C compile features - done
[0.177s] -- Detecting CXX compiler ABI info
[0.261s] -- Detecting CXX compiler ABI info - done
[0.267s] -- Check for working CXX compiler: /usr/bin/c++ - skipped
[0.267s] -- Detecting CXX compile features
[0.268s] -- Detecting CXX compile features - done
[0.270s] -- Found ament_cmake: 2.5.4 (/opt/ros/jazzy/share/ament_cmake/cmake)
[0.369s] -- Found Python3: /usr/bin/python3 (found version "3.12.3") found components: Interpreter 
[0.421s] -- Override CMake install command with custom implementation using symlinks instead of copying resources
[0.451s] -- Found ament_lint_auto: 0.17.3 (/opt/ros/jazzy/share/ament_lint_auto/cmake)
[0.531s] -- Added test 'copyright' to check source files copyright and LICENSE
[0.533s] -- Added test 'flake8' to check Python code syntax and style conventions
[0.533s] -- Configured 'flake8' exclude dirs and/or files: 
[0.534s] -- Added test 'lint_cmake' to check CMake code style
[0.534s] -- Added test 'pep257' to check Python code against some of the docstring style conventions in PEP 257
[0.535s] -- Added test 'xmllint' to check XML markup files
[0.537s] -- Configuring done (0.5s)
[0.539s] -- Generating done (0.0s)
[0.540s] -- Build files have been written to: /home/savindu/gp7_ws/build/gp7_robot_description
[0.545s] Invoked command in '/home/savindu/gp7_ws/build/gp7_robot_description' returned '0': CMAKE_PREFIX_PATH=${CMAKE_PREFIX_PATH}:/opt/ros/jazzy DEBUGINFOD_URLS=https://debuginfod.ubuntu.com /usr/bin/cmake /home/savindu/gp7_ws/src/gp7_robot_description -DAMENT_CMAKE_SYMLINK_INSTALL=1 -DCMAKE_INSTALL_PREFIX=/home/savindu/gp7_ws/install/gp7_robot_description
[0.545s] Invoking command in '/home/savindu/gp7_ws/build/gp7_robot_description': CMAKE_PREFIX_PATH=${CMAKE_PREFIX_PATH}:/opt/ros/jazzy DEBUGINFOD_URLS=https://debuginfod.ubuntu.com /usr/bin/cmake --build /home/savindu/gp7_ws/build/gp7_robot_description -- -j16 -l16
[0.570s] Invoked command in '/home/savindu/gp7_ws/build/gp7_robot_description' returned '0': CMAKE_PREFIX_PATH=${CMAKE_PREFIX_PATH}:/opt/ros/jazzy DEBUGINFOD_URLS=https://debuginfod.ubuntu.com /usr/bin/cmake --build /home/savindu/gp7_ws/build/gp7_robot_description -- -j16 -l16
[0.576s] Invoking command in '/home/savindu/gp7_ws/build/gp7_robot_description': CMAKE_PREFIX_PATH=${CMAKE_PREFIX_PATH}:/opt/ros/jazzy DEBUGINFOD_URLS=https://debuginfod.ubuntu.com /usr/bin/cmake --install /home/savindu/gp7_ws/build/gp7_robot_description
[0.582s] -- Install configuration: ""
[0.582s] -- Execute custom install script
[0.582s] [31mCMake Error at ament_cmake_symlink_install/ament_cmake_symlink_install.cmake:100 (message):
[0.582s]   ament_cmake_symlink_install_directory() can't find
[0.582s]   '/home/savindu/gp7_ws/src/gp7_robot_description/config'
[0.582s] Call Stack (most recent call first):
[0.582s]   ament_cmake_symlink_install/ament_cmake_symlink_install.cmake:314 (ament_cmake_symlink_install_directory)
[0.582s]   cmake_install.cmake:46 (include)
[0.582s] 
[0.582s] [0m
[0.583s] Invoked command in '/home/savindu/gp7_ws/build/gp7_robot_description' returned '1': CMAKE_PREFIX_PATH=${CMAKE_PREFIX_PATH}:/opt/ros/jazzy DEBUGINFOD_URLS=https://debuginfod.ubuntu.com /usr/bin/cmake --install /home/savindu/gp7_ws/build/gp7_robot_description
