[0.157s] Invoking command in '/home/savindu/gp7_ws/build/gp7_robot_description': CMAKE_PREFIX_PATH=${CMAKE_PREFIX_PATH}:/opt/ros/jazzy DEBUGINFOD_URLS=https://debuginfod.ubuntu.com /usr/bin/cmake /home/savindu/gp7_ws/src/gp7_robot_description -DCMAKE_INSTALL_PREFIX=/home/savindu/gp7_ws/install/gp7_robot_description
[0.174s] -- Found ament_cmake: 2.5.4 (/opt/ros/jazzy/share/ament_cmake/cmake)
[0.354s] -- Override CMake install command with custom implementation using symlinks instead of copying resources
[0.372s] -- Found ament_lint_auto: 0.17.3 (/opt/ros/jazzy/share/ament_lint_auto/cmake)
[0.450s] -- Added test 'copyright' to check source files copyright and LICENSE
[0.453s] -- Added test 'flake8' to check Python code syntax and style conventions
[0.453s] -- Configured 'flake8' exclude dirs and/or files: 
[0.454s] -- Added test 'lint_cmake' to check CMake code style
[0.454s] -- Added test 'pep257' to check Python code against some of the docstring style conventions in PEP 257
[0.456s] -- Added test 'xmllint' to check XML markup files
[0.457s] -- Configuring done (0.3s)
[0.463s] -- Generating done (0.0s)
[0.465s] -- Build files have been written to: /home/savindu/gp7_ws/build/gp7_robot_description
[0.468s] Invoked command in '/home/savindu/gp7_ws/build/gp7_robot_description' returned '0': CMAKE_PREFIX_PATH=${CMAKE_PREFIX_PATH}:/opt/ros/jazzy DEBUGINFOD_URLS=https://debuginfod.ubuntu.com /usr/bin/cmake /home/savindu/gp7_ws/src/gp7_robot_description -DCMAKE_INSTALL_PREFIX=/home/savindu/gp7_ws/install/gp7_robot_description
[0.468s] Invoking command in '/home/savindu/gp7_ws/build/gp7_robot_description': CMAKE_PREFIX_PATH=${CMAKE_PREFIX_PATH}:/opt/ros/jazzy DEBUGINFOD_URLS=https://debuginfod.ubuntu.com /usr/bin/cmake --build /home/savindu/gp7_ws/build/gp7_robot_description -- -j16 -l16
[0.499s] Invoked command in '/home/savindu/gp7_ws/build/gp7_robot_description' returned '0': CMAKE_PREFIX_PATH=${CMAKE_PREFIX_PATH}:/opt/ros/jazzy DEBUGINFOD_URLS=https://debuginfod.ubuntu.com /usr/bin/cmake --build /home/savindu/gp7_ws/build/gp7_robot_description -- -j16 -l16
[0.507s] Invoking command in '/home/savindu/gp7_ws/build/gp7_robot_description': CMAKE_PREFIX_PATH=${CMAKE_PREFIX_PATH}:/opt/ros/jazzy DEBUGINFOD_URLS=https://debuginfod.ubuntu.com /usr/bin/cmake --install /home/savindu/gp7_ws/build/gp7_robot_description
[0.512s] -- Install configuration: ""
[0.513s] -- Execute custom install script
[0.513s] -- Up-to-date symlink: /home/savindu/gp7_ws/install/gp7_robot_description/share/gp7_robot_description//config/joint_names_gp7_robot.yaml
[0.513s] -- Up-to-date symlink: /home/savindu/gp7_ws/install/gp7_robot_description/share/gp7_robot_description//launch/display.launch.py
[0.513s] -- Up-to-date symlink: /home/savindu/gp7_ws/install/gp7_robot_description/share/gp7_robot_description//meshes/Link_1.STL
[0.513s] -- Up-to-date symlink: /home/savindu/gp7_ws/install/gp7_robot_description/share/gp7_robot_description//meshes/Link_2.STL
[0.513s] -- Up-to-date symlink: /home/savindu/gp7_ws/install/gp7_robot_description/share/gp7_robot_description//meshes/Link_3.STL
[0.513s] -- Up-to-date symlink: /home/savindu/gp7_ws/install/gp7_robot_description/share/gp7_robot_description//meshes/Link_4.STL
[0.514s] -- Up-to-date symlink: /home/savindu/gp7_ws/install/gp7_robot_description/share/gp7_robot_description//meshes/Link_5.STL
[0.514s] -- Up-to-date symlink: /home/savindu/gp7_ws/install/gp7_robot_description/share/gp7_robot_description//meshes/Link_6.STL
[0.514s] -- Up-to-date symlink: /home/savindu/gp7_ws/install/gp7_robot_description/share/gp7_robot_description//meshes/base_link.STL
[0.514s] -- Up-to-date symlink: /home/savindu/gp7_ws/install/gp7_robot_description/share/gp7_robot_description//urdf/gp7_robot.urdf
[0.514s] -- Up-to-date symlink: /home/savindu/gp7_ws/install/gp7_robot_description/share/gp7_robot_description//rviz/display.rviz
[0.514s] -- Up-to-date symlink: /home/savindu/gp7_ws/install/gp7_robot_description/share/ament_index/resource_index/package_run_dependencies/gp7_robot_description
[0.514s] -- Up-to-date symlink: /home/savindu/gp7_ws/install/gp7_robot_description/share/ament_index/resource_index/parent_prefix_path/gp7_robot_description
[0.514s] -- Up-to-date symlink: /home/savindu/gp7_ws/install/gp7_robot_description/share/gp7_robot_description/environment/ament_prefix_path.sh
[0.514s] -- Up-to-date symlink: /home/savindu/gp7_ws/install/gp7_robot_description/share/gp7_robot_description/environment/ament_prefix_path.dsv
[0.514s] -- Up-to-date symlink: /home/savindu/gp7_ws/install/gp7_robot_description/share/gp7_robot_description/environment/path.sh
[0.515s] -- Up-to-date symlink: /home/savindu/gp7_ws/install/gp7_robot_description/share/gp7_robot_description/environment/path.dsv
[0.515s] -- Up-to-date symlink: /home/savindu/gp7_ws/install/gp7_robot_description/share/gp7_robot_description/local_setup.bash
[0.515s] -- Up-to-date symlink: /home/savindu/gp7_ws/install/gp7_robot_description/share/gp7_robot_description/local_setup.sh
[0.515s] -- Up-to-date symlink: /home/savindu/gp7_ws/install/gp7_robot_description/share/gp7_robot_description/local_setup.zsh
[0.515s] -- Up-to-date symlink: /home/savindu/gp7_ws/install/gp7_robot_description/share/gp7_robot_description/local_setup.dsv
[0.515s] -- Symlinking: /home/savindu/gp7_ws/install/gp7_robot_description/share/gp7_robot_description/package.dsv
[0.522s] -- Up-to-date symlink: /home/savindu/gp7_ws/install/gp7_robot_description/share/ament_index/resource_index/packages/gp7_robot_description
[0.522s] -- Up-to-date symlink: /home/savindu/gp7_ws/install/gp7_robot_description/share/gp7_robot_description/cmake/gp7_robot_descriptionConfig.cmake
[0.522s] -- Up-to-date symlink: /home/savindu/gp7_ws/install/gp7_robot_description/share/gp7_robot_description/cmake/gp7_robot_descriptionConfig-version.cmake
[0.522s] -- Up-to-date symlink: /home/savindu/gp7_ws/install/gp7_robot_description/share/gp7_robot_description/package.xml
[0.523s] Invoked command in '/home/savindu/gp7_ws/build/gp7_robot_description' returned '0': CMAKE_PREFIX_PATH=${CMAKE_PREFIX_PATH}:/opt/ros/jazzy DEBUGINFOD_URLS=https://debuginfod.ubuntu.com /usr/bin/cmake --install /home/savindu/gp7_ws/build/gp7_robot_description
