running egg_info
creating build/gp7_boxes/gp7_boxes.egg-info
writing build/gp7_boxes/gp7_boxes.egg-info/PKG-INFO
writing dependency_links to build/gp7_boxes/gp7_boxes.egg-info/dependency_links.txt
writing entry points to build/gp7_boxes/gp7_boxes.egg-info/entry_points.txt
writing requirements to build/gp7_boxes/gp7_boxes.egg-info/requires.txt
writing top-level names to build/gp7_boxes/gp7_boxes.egg-info/top_level.txt
writing manifest file 'build/gp7_boxes/gp7_boxes.egg-info/SOURCES.txt'
reading manifest file 'build/gp7_boxes/gp7_boxes.egg-info/SOURCES.txt'
writing manifest file 'build/gp7_boxes/gp7_boxes.egg-info/SOURCES.txt'
running build
running build_py
creating /home/jeewantha/Desktop/GP7_Robot._Simulaion/gp7_boxes/build/gp7_boxes/build
creating /home/jeewantha/Desktop/GP7_Robot._Simulaion/gp7_boxes/build/gp7_boxes/build/lib
creating /home/jeewantha/Desktop/GP7_Robot._Simulaion/gp7_boxes/build/gp7_boxes/build/lib/gp7_boxes
copying gp7_boxes/__init__.py -> /home/jeewantha/Desktop/GP7_Robot._Simulaion/gp7_boxes/build/gp7_boxes/build/lib/gp7_boxes
creating /home/jeewantha/Desktop/GP7_Robot._Simulaion/gp7_boxes/build/gp7_boxes/build/lib/gp7_boxes/scripts
copying gp7_boxes/scripts/boxes.py -> /home/jeewantha/Desktop/GP7_Robot._Simulaion/gp7_boxes/build/gp7_boxes/build/lib/gp7_boxes/scripts
copying gp7_boxes/scripts/__init__.py -> /home/jeewantha/Desktop/GP7_Robot._Simulaion/gp7_boxes/build/gp7_boxes/build/lib/gp7_boxes/scripts
running install
running install_lib
creating /home/jeewantha/Desktop/GP7_Robot._Simulaion/gp7_boxes/install/gp7_boxes/lib/python3.12/site-packages/gp7_boxes
creating /home/jeewantha/Desktop/GP7_Robot._Simulaion/gp7_boxes/install/gp7_boxes/lib/python3.12/site-packages/gp7_boxes/scripts
copying /home/jeewantha/Desktop/GP7_Robot._Simulaion/gp7_boxes/build/gp7_boxes/build/lib/gp7_boxes/scripts/boxes.py -> /home/jeewantha/Desktop/GP7_Robot._Simulaion/gp7_boxes/install/gp7_boxes/lib/python3.12/site-packages/gp7_boxes/scripts
copying /home/jeewantha/Desktop/GP7_Robot._Simulaion/gp7_boxes/build/gp7_boxes/build/lib/gp7_boxes/scripts/__init__.py -> /home/jeewantha/Desktop/GP7_Robot._Simulaion/gp7_boxes/install/gp7_boxes/lib/python3.12/site-packages/gp7_boxes/scripts
copying /home/jeewantha/Desktop/GP7_Robot._Simulaion/gp7_boxes/build/gp7_boxes/build/lib/gp7_boxes/__init__.py -> /home/jeewantha/Desktop/GP7_Robot._Simulaion/gp7_boxes/install/gp7_boxes/lib/python3.12/site-packages/gp7_boxes
byte-compiling /home/jeewantha/Desktop/GP7_Robot._Simulaion/gp7_boxes/install/gp7_boxes/lib/python3.12/site-packages/gp7_boxes/scripts/boxes.py to boxes.cpython-312.pyc
byte-compiling /home/jeewantha/Desktop/GP7_Robot._Simulaion/gp7_boxes/install/gp7_boxes/lib/python3.12/site-packages/gp7_boxes/scripts/__init__.py to __init__.cpython-312.pyc
byte-compiling /home/jeewantha/Desktop/GP7_Robot._Simulaion/gp7_boxes/install/gp7_boxes/lib/python3.12/site-packages/gp7_boxes/__init__.py to __init__.cpython-312.pyc
running install_data
creating /home/jeewantha/Desktop/GP7_Robot._Simulaion/gp7_boxes/install/gp7_boxes/share/ament_index
creating /home/jeewantha/Desktop/GP7_Robot._Simulaion/gp7_boxes/install/gp7_boxes/share/ament_index/resource_index
creating /home/jeewantha/Desktop/GP7_Robot._Simulaion/gp7_boxes/install/gp7_boxes/share/ament_index/resource_index/packages
copying resource/gp7_boxes -> /home/jeewantha/Desktop/GP7_Robot._Simulaion/gp7_boxes/install/gp7_boxes/share/ament_index/resource_index/packages
copying package.xml -> /home/jeewantha/Desktop/GP7_Robot._Simulaion/gp7_boxes/install/gp7_boxes/share/gp7_boxes
running install_egg_info
Copying build/gp7_boxes/gp7_boxes.egg-info to /home/jeewantha/Desktop/GP7_Robot._Simulaion/gp7_boxes/install/gp7_boxes/lib/python3.12/site-packages/gp7_boxes-1.0.0-py3.12.egg-info
running install_scripts
Installing boxes script to /home/jeewantha/Desktop/GP7_Robot._Simulaion/gp7_boxes/install/gp7_boxes/lib/gp7_boxes
writing list of installed files to '/home/jeewantha/Desktop/GP7_Robot._Simulaion/gp7_boxes/build/gp7_boxes/install.log'
