[0.552s] Invoking command in '/home/savindu/gp7_ws/src/gp7_boxes': DEBUGINFOD_URLS=https://debuginfod.ubuntu.com PYTHONPATH=/home/savindu/gp7_ws/build/gp7_boxes/prefix_override:/usr/lib/python3/dist-packages/colcon_core/task/python/colcon_distutils_commands:/home/savindu/gp7_ws/install/gp7_boxes/lib/python3.12/site-packages:${PYTHONPATH} /usr/bin/python3 -W ignore:setup.py install is deprecated -W ignore:easy_install command is deprecated setup.py egg_info --egg-base ../../build/gp7_boxes build --build-base /home/savindu/gp7_ws/build/gp7_boxes/build install --record /home/savindu/gp7_ws/build/gp7_boxes/install.log --single-version-externally-managed install_data
[0.728s] running egg_info
[0.740s] writing ../../build/gp7_boxes/gp7_boxes.egg-info/PKG-INFO
[0.740s] writing dependency_links to ../../build/gp7_boxes/gp7_boxes.egg-info/dependency_links.txt
[0.740s] writing entry points to ../../build/gp7_boxes/gp7_boxes.egg-info/entry_points.txt
[0.740s] writing requirements to ../../build/gp7_boxes/gp7_boxes.egg-info/requires.txt
[0.740s] writing top-level names to ../../build/gp7_boxes/gp7_boxes.egg-info/top_level.txt
[0.766s] reading manifest file '../../build/gp7_boxes/gp7_boxes.egg-info/SOURCES.txt'
[0.766s] writing manifest file '../../build/gp7_boxes/gp7_boxes.egg-info/SOURCES.txt'
[0.766s] running build
[0.766s] running build_py
[0.766s] copying gp7_boxes/scripts/boxes.py -> /home/savindu/gp7_ws/build/gp7_boxes/build/lib/gp7_boxes/scripts
[0.766s] running install
[0.772s] running install_lib
[0.784s] copying /home/savindu/gp7_ws/build/gp7_boxes/build/lib/gp7_boxes/scripts/boxes.py -> /home/savindu/gp7_ws/install/gp7_boxes/lib/python3.12/site-packages/gp7_boxes/scripts
[0.785s] byte-compiling /home/savindu/gp7_ws/install/gp7_boxes/lib/python3.12/site-packages/gp7_boxes/scripts/boxes.py to boxes.cpython-312.pyc
[0.785s] running install_data
[0.786s] running install_egg_info
[0.799s] removing '/home/savindu/gp7_ws/install/gp7_boxes/lib/python3.12/site-packages/gp7_boxes-0.0.0-py3.12.egg-info' (and everything under it)
[0.799s] Copying ../../build/gp7_boxes/gp7_boxes.egg-info to /home/savindu/gp7_ws/install/gp7_boxes/lib/python3.12/site-packages/gp7_boxes-0.0.0-py3.12.egg-info
[0.800s] running install_scripts
[0.886s] Installing boxes script to /home/savindu/gp7_ws/install/gp7_boxes/lib/gp7_boxes
[0.887s] writing list of installed files to '/home/savindu/gp7_ws/build/gp7_boxes/install.log'
[0.904s] Invoked command in '/home/savindu/gp7_ws/src/gp7_boxes' returned '0': DEBUGINFOD_URLS=https://debuginfod.ubuntu.com PYTHONPATH=/home/savindu/gp7_ws/build/gp7_boxes/prefix_override:/usr/lib/python3/dist-packages/colcon_core/task/python/colcon_distutils_commands:/home/savindu/gp7_ws/install/gp7_boxes/lib/python3.12/site-packages:${PYTHONPATH} /usr/bin/python3 -W ignore:setup.py install is deprecated -W ignore:easy_install command is deprecated setup.py egg_info --egg-base ../../build/gp7_boxes build --build-base /home/savindu/gp7_ws/build/gp7_boxes/build install --record /home/savindu/gp7_ws/build/gp7_boxes/install.log --single-version-externally-managed install_data
