[0.537s] Invoking command in '/home/savindu/gp7_ws/src/gp7_boxes': DEBUGINFOD_URLS=https://debuginfod.ubuntu.com PYTHONPATH=/home/savindu/gp7_ws/build/gp7_boxes/prefix_override:/usr/lib/python3/dist-packages/colcon_core/task/python/colcon_distutils_commands:/home/savindu/gp7_ws/install/gp7_boxes/lib/python3.12/site-packages:${PYTHONPATH} /usr/bin/python3 -W ignore:setup.py install is deprecated -W ignore:easy_install command is deprecated setup.py egg_info --egg-base ../../build/gp7_boxes build --build-base /home/savindu/gp7_ws/build/gp7_boxes/build install --record /home/savindu/gp7_ws/build/gp7_boxes/install.log --single-version-externally-managed install_data
[0.704s] running egg_info
[0.717s] writing ../../build/gp7_boxes/gp7_boxes.egg-info/PKG-INFO
[0.717s] writing dependency_links to ../../build/gp7_boxes/gp7_boxes.egg-info/dependency_links.txt
[0.717s] writing entry points to ../../build/gp7_boxes/gp7_boxes.egg-info/entry_points.txt
[0.717s] writing requirements to ../../build/gp7_boxes/gp7_boxes.egg-info/requires.txt
[0.717s] writing top-level names to ../../build/gp7_boxes/gp7_boxes.egg-info/top_level.txt
[0.743s] reading manifest file '../../build/gp7_boxes/gp7_boxes.egg-info/SOURCES.txt'
[0.743s] writing manifest file '../../build/gp7_boxes/gp7_boxes.egg-info/SOURCES.txt'
[0.743s] running build
[0.743s] running build_py
[0.743s] copying gp7_boxes/__init__.py -> /home/savindu/gp7_ws/build/gp7_boxes/build/lib/gp7_boxes
[0.743s] running install
[0.749s] running install_lib
[0.762s] copying /home/savindu/gp7_ws/build/gp7_boxes/build/lib/gp7_boxes/__init__.py -> /home/savindu/gp7_ws/install/gp7_boxes/lib/python3.12/site-packages/gp7_boxes
[0.762s] byte-compiling /home/savindu/gp7_ws/install/gp7_boxes/lib/python3.12/site-packages/gp7_boxes/__init__.py to __init__.cpython-312.pyc
[0.762s] running install_data
[0.762s] running install_egg_info
[0.776s] removing '/home/savindu/gp7_ws/install/gp7_boxes/lib/python3.12/site-packages/gp7_boxes-0.0.0-py3.12.egg-info' (and everything under it)
[0.777s] Copying ../../build/gp7_boxes/gp7_boxes.egg-info to /home/savindu/gp7_ws/install/gp7_boxes/lib/python3.12/site-packages/gp7_boxes-0.0.0-py3.12.egg-info
[0.777s] running install_scripts
[0.867s] Installing boxes script to /home/savindu/gp7_ws/install/gp7_boxes/lib/gp7_boxes
[0.867s] writing list of installed files to '/home/savindu/gp7_ws/build/gp7_boxes/install.log'
[0.886s] Invoked command in '/home/savindu/gp7_ws/src/gp7_boxes' returned '0': DEBUGINFOD_URLS=https://debuginfod.ubuntu.com PYTHONPATH=/home/savindu/gp7_ws/build/gp7_boxes/prefix_override:/usr/lib/python3/dist-packages/colcon_core/task/python/colcon_distutils_commands:/home/savindu/gp7_ws/install/gp7_boxes/lib/python3.12/site-packages:${PYTHONPATH} /usr/bin/python3 -W ignore:setup.py install is deprecated -W ignore:easy_install command is deprecated setup.py egg_info --egg-base ../../build/gp7_boxes build --build-base /home/savindu/gp7_ws/build/gp7_boxes/build install --record /home/savindu/gp7_ws/build/gp7_boxes/install.log --single-version-externally-managed install_data
