[0.161s] DEBUG:colcon:Command line arguments: ['/usr/bin/colcon', 'build', '--packages-select', 'gp7_robot']
[0.162s] DEBUG:colcon:Parsed command line arguments: Namespace(log_base=None, log_level=None, verb_name='build', build_base='build', install_base='install', merge_install=False, symlink_install=False, test_result_base=None, continue_on_error=False, executor='parallel', parallel_workers=8, event_handlers=None, ignore_user_meta=False, metas=['./colcon.meta'], base_paths=['.'], packages_ignore=None, packages_ignore_regex=None, paths=None, packages_up_to=None, packages_up_to_regex=None, packages_above=None, packages_above_and_dependencies=None, packages_above_depth=None, packages_select_by_dep=None, packages_skip_by_dep=None, packages_skip_up_to=None, packages_select_build_failed=False, packages_skip_build_finished=False, packages_select_test_failures=False, packages_skip_test_passed=False, packages_select=['gp7_robot'], packages_skip=None, packages_select_regex=None, packages_skip_regex=None, packages_start=None, packages_end=None, allow_overriding=[], cmake_args=None, cmake_target=None, cmake_target_skip_unavailable=False, cmake_clean_cache=False, cmake_clean_first=False, cmake_force_configure=False, ament_cmake_args=None, catkin_cmake_args=None, catkin_skip_building_tests=False, mixin_files=None, mixin=None, verb_parser=<colcon_mixin.mixin.mixin_argument.MixinArgumentDecorator object at 0x7d3706a96810>, verb_extension=<colcon_core.verb.build.BuildVerb object at 0x7d3706a96540>, main=<bound method BuildVerb.main of <colcon_core.verb.build.BuildVerb object at 0x7d3706a96540>>, mixin_verb=('build',))
[0.213s] Level 1:colcon.colcon_core.package_discovery:discover_packages(colcon_meta) check parameters
[0.213s] Level 1:colcon.colcon_core.package_discovery:discover_packages(recursive) check parameters
[0.213s] Level 1:colcon.colcon_core.package_discovery:discover_packages(ignore) check parameters
[0.213s] Level 1:colcon.colcon_core.package_discovery:discover_packages(path) check parameters
[0.213s] Level 1:colcon.colcon_core.package_discovery:discover_packages(colcon_meta) discover
[0.213s] Level 1:colcon.colcon_core.package_discovery:discover_packages(recursive) discover
[0.213s] INFO:colcon.colcon_core.package_discovery:Crawling recursively for packages in '/home/jeewantha/Desktop/GP7_Robot._Simulaion'
[0.213s] Level 1:colcon.colcon_core.package_identification:_identify(.) by extensions ['ignore', 'ignore_ament_install']
[0.214s] Level 1:colcon.colcon_core.package_identification:_identify(.) by extension 'ignore'
[0.214s] Level 1:colcon.colcon_core.package_identification:_identify(.) by extension 'ignore_ament_install'
[0.214s] Level 1:colcon.colcon_core.package_identification:_identify(.) by extensions ['colcon_pkg']
[0.214s] Level 1:colcon.colcon_core.package_identification:_identify(.) by extension 'colcon_pkg'
[0.214s] Level 1:colcon.colcon_core.package_identification:_identify(.) by extensions ['colcon_meta']
[0.214s] Level 1:colcon.colcon_core.package_identification:_identify(.) by extension 'colcon_meta'
[0.214s] Level 1:colcon.colcon_core.package_identification:_identify(.) by extensions ['ros']
[0.214s] Level 1:colcon.colcon_core.package_identification:_identify(.) by extension 'ros'
[0.245s] DEBUG:colcon.colcon_core.package_identification:Package '.' with type 'ros.ament_cmake' and name 'gp7_robot'
[0.245s] Level 1:colcon.colcon_core.package_discovery:discover_packages(recursive) using defaults
[0.245s] Level 1:colcon.colcon_core.package_discovery:discover_packages(ignore) discover
[0.245s] Level 1:colcon.colcon_core.package_discovery:discover_packages(ignore) using defaults
[0.245s] Level 1:colcon.colcon_core.package_discovery:discover_packages(path) discover
[0.245s] Level 1:colcon.colcon_core.package_discovery:discover_packages(path) using defaults
[0.268s] Level 1:colcon.colcon_core.package_discovery:discover_packages(prefix_path) check parameters
[0.268s] Level 1:colcon.colcon_core.package_discovery:discover_packages(prefix_path) discover
[0.273s] DEBUG:colcon.colcon_installed_package_information.package_discovery:Found 431 installed packages in /opt/ros/jazzy
[0.274s] Level 1:colcon.colcon_core.package_discovery:discover_packages(prefix_path) using defaults
[0.337s] Level 5:colcon.colcon_core.verb:set package 'gp7_robot' build argument 'cmake_args' from command line to 'None'
[0.337s] Level 5:colcon.colcon_core.verb:set package 'gp7_robot' build argument 'cmake_target' from command line to 'None'
[0.337s] Level 5:colcon.colcon_core.verb:set package 'gp7_robot' build argument 'cmake_target_skip_unavailable' from command line to 'False'
[0.337s] Level 5:colcon.colcon_core.verb:set package 'gp7_robot' build argument 'cmake_clean_cache' from command line to 'False'
[0.337s] Level 5:colcon.colcon_core.verb:set package 'gp7_robot' build argument 'cmake_clean_first' from command line to 'False'
[0.337s] Level 5:colcon.colcon_core.verb:set package 'gp7_robot' build argument 'cmake_force_configure' from command line to 'False'
[0.337s] Level 5:colcon.colcon_core.verb:set package 'gp7_robot' build argument 'ament_cmake_args' from command line to 'None'
[0.337s] Level 5:colcon.colcon_core.verb:set package 'gp7_robot' build argument 'catkin_cmake_args' from command line to 'None'
[0.337s] Level 5:colcon.colcon_core.verb:set package 'gp7_robot' build argument 'catkin_skip_building_tests' from command line to 'False'
[0.337s] DEBUG:colcon.colcon_core.verb:Building package 'gp7_robot' with the following arguments: {'ament_cmake_args': None, 'build_base': '/home/jeewantha/Desktop/GP7_Robot._Simulaion/build/gp7_robot', 'catkin_cmake_args': None, 'catkin_skip_building_tests': False, 'cmake_args': None, 'cmake_clean_cache': False, 'cmake_clean_first': False, 'cmake_force_configure': False, 'cmake_target': None, 'cmake_target_skip_unavailable': False, 'install_base': '/home/jeewantha/Desktop/GP7_Robot._Simulaion/install/gp7_robot', 'merge_install': False, 'path': '/home/jeewantha/Desktop/GP7_Robot._Simulaion', 'symlink_install': False, 'test_result_base': None}
[0.337s] INFO:colcon.colcon_core.executor:Executing jobs using 'parallel' executor
[0.338s] DEBUG:colcon.colcon_parallel_executor.executor.parallel:run_until_complete
[0.338s] INFO:colcon.colcon_ros.task.ament_cmake.build:Building ROS package in '/home/jeewantha/Desktop/GP7_Robot._Simulaion' with build type 'ament_cmake'
[0.338s] INFO:colcon.colcon_cmake.task.cmake.build:Building CMake package in '/home/jeewantha/Desktop/GP7_Robot._Simulaion'
[0.340s] INFO:colcon.colcon_core.plugin_system:Skipping extension 'colcon_core.shell.bat': Not used on non-Windows systems
[0.340s] INFO:colcon.colcon_core.shell:Skip shell extension 'powershell' for command environment: Not usable outside of PowerShell
[0.340s] DEBUG:colcon.colcon_core.shell:Skip shell extension 'dsv' for command environment
[0.352s] DEBUG:colcon.colcon_core.event_handler.log_command:Invoking command in '/home/jeewantha/Desktop/GP7_Robot._Simulaion/build/gp7_robot': CMAKE_PREFIX_PATH=${CMAKE_PREFIX_PATH}:/opt/ros/jazzy CONDA_PROMPT_MODIFIER=(base) DEBUGINFOD_URLS=https://debuginfod.ubuntu.com /usr/bin/cmake /home/jeewantha/Desktop/GP7_Robot._Simulaion -DCMAKE_INSTALL_PREFIX=/home/jeewantha/Desktop/GP7_Robot._Simulaion/install/gp7_robot
[4.389s] DEBUG:colcon.colcon_core.event_handler.log_command:Invoked command in '/home/jeewantha/Desktop/GP7_Robot._Simulaion/build/gp7_robot' returned '0': CMAKE_PREFIX_PATH=${CMAKE_PREFIX_PATH}:/opt/ros/jazzy CONDA_PROMPT_MODIFIER=(base) DEBUGINFOD_URLS=https://debuginfod.ubuntu.com /usr/bin/cmake /home/jeewantha/Desktop/GP7_Robot._Simulaion -DCMAKE_INSTALL_PREFIX=/home/jeewantha/Desktop/GP7_Robot._Simulaion/install/gp7_robot
[4.392s] DEBUG:colcon.colcon_core.event_handler.log_command:Invoking command in '/home/jeewantha/Desktop/GP7_Robot._Simulaion/build/gp7_robot': CMAKE_PREFIX_PATH=${CMAKE_PREFIX_PATH}:/opt/ros/jazzy CONDA_PROMPT_MODIFIER=(base) DEBUGINFOD_URLS=https://debuginfod.ubuntu.com /usr/bin/cmake --build /home/jeewantha/Desktop/GP7_Robot._Simulaion/build/gp7_robot -- -j8 -l8
[4.507s] DEBUG:colcon.colcon_core.event_handler.log_command:Invoked command in '/home/jeewantha/Desktop/GP7_Robot._Simulaion/build/gp7_robot' returned '0': CMAKE_PREFIX_PATH=${CMAKE_PREFIX_PATH}:/opt/ros/jazzy CONDA_PROMPT_MODIFIER=(base) DEBUGINFOD_URLS=https://debuginfod.ubuntu.com /usr/bin/cmake --build /home/jeewantha/Desktop/GP7_Robot._Simulaion/build/gp7_robot -- -j8 -l8
[4.542s] DEBUG:colcon.colcon_core.event_handler.log_command:Invoking command in '/home/jeewantha/Desktop/GP7_Robot._Simulaion/build/gp7_robot': CMAKE_PREFIX_PATH=${CMAKE_PREFIX_PATH}:/opt/ros/jazzy CONDA_PROMPT_MODIFIER=(base) DEBUGINFOD_URLS=https://debuginfod.ubuntu.com /usr/bin/cmake --install /home/jeewantha/Desktop/GP7_Robot._Simulaion/build/gp7_robot
[4.720s] Level 1:colcon.colcon_core.environment:create_environment_scripts_only(gp7_robot)
[4.720s] DEBUG:colcon.colcon_core.event_handler.log_command:Invoked command in '/home/jeewantha/Desktop/GP7_Robot._Simulaion/build/gp7_robot' returned '0': CMAKE_PREFIX_PATH=${CMAKE_PREFIX_PATH}:/opt/ros/jazzy CONDA_PROMPT_MODIFIER=(base) DEBUGINFOD_URLS=https://debuginfod.ubuntu.com /usr/bin/cmake --install /home/jeewantha/Desktop/GP7_Robot._Simulaion/build/gp7_robot
[4.722s] Level 1:colcon.colcon_core.environment:checking '/home/jeewantha/Desktop/GP7_Robot._Simulaion/install/gp7_robot' for CMake module files
[4.722s] Level 1:colcon.colcon_core.environment:checking '/home/jeewantha/Desktop/GP7_Robot._Simulaion/install/gp7_robot' for CMake config files
[4.722s] Level 1:colcon.colcon_core.shell:create_environment_hook('gp7_robot', 'cmake_prefix_path')
[4.723s] INFO:colcon.colcon_core.shell:Creating environment hook '/home/jeewantha/Desktop/GP7_Robot._Simulaion/install/gp7_robot/share/gp7_robot/hook/cmake_prefix_path.ps1'
[4.723s] INFO:colcon.colcon_core.shell:Creating environment descriptor '/home/jeewantha/Desktop/GP7_Robot._Simulaion/install/gp7_robot/share/gp7_robot/hook/cmake_prefix_path.dsv'
[4.723s] INFO:colcon.colcon_core.shell:Creating environment hook '/home/jeewantha/Desktop/GP7_Robot._Simulaion/install/gp7_robot/share/gp7_robot/hook/cmake_prefix_path.sh'
[4.724s] Level 1:colcon.colcon_core.environment:checking '/home/jeewantha/Desktop/GP7_Robot._Simulaion/install/gp7_robot/bin'
[4.724s] Level 1:colcon.colcon_core.environment:checking '/home/jeewantha/Desktop/GP7_Robot._Simulaion/install/gp7_robot/lib/pkgconfig/gp7_robot.pc'
[4.724s] Level 1:colcon.colcon_core.environment:checking '/home/jeewantha/Desktop/GP7_Robot._Simulaion/install/gp7_robot/lib/python3.12/site-packages'
[4.724s] Level 1:colcon.colcon_core.environment:checking '/home/jeewantha/Desktop/GP7_Robot._Simulaion/install/gp7_robot/bin'
[4.725s] INFO:colcon.colcon_core.shell:Creating package script '/home/jeewantha/Desktop/GP7_Robot._Simulaion/install/gp7_robot/share/gp7_robot/package.ps1'
[4.725s] INFO:colcon.colcon_core.shell:Creating package descriptor '/home/jeewantha/Desktop/GP7_Robot._Simulaion/install/gp7_robot/share/gp7_robot/package.dsv'
[4.726s] INFO:colcon.colcon_core.shell:Creating package script '/home/jeewantha/Desktop/GP7_Robot._Simulaion/install/gp7_robot/share/gp7_robot/package.sh'
[4.726s] INFO:colcon.colcon_core.shell:Creating package script '/home/jeewantha/Desktop/GP7_Robot._Simulaion/install/gp7_robot/share/gp7_robot/package.bash'
[4.727s] INFO:colcon.colcon_core.shell:Creating package script '/home/jeewantha/Desktop/GP7_Robot._Simulaion/install/gp7_robot/share/gp7_robot/package.zsh'
[4.728s] Level 1:colcon.colcon_core.environment:create_file_with_runtime_dependencies(/home/jeewantha/Desktop/GP7_Robot._Simulaion/install/gp7_robot/share/colcon-core/packages/gp7_robot)
[4.729s] Level 1:colcon.colcon_core.environment:create_environment_scripts_only(gp7_robot)
[4.729s] Level 1:colcon.colcon_core.environment:checking '/home/jeewantha/Desktop/GP7_Robot._Simulaion/install/gp7_robot' for CMake module files
[4.729s] Level 1:colcon.colcon_core.environment:checking '/home/jeewantha/Desktop/GP7_Robot._Simulaion/install/gp7_robot' for CMake config files
[4.730s] Level 1:colcon.colcon_core.shell:create_environment_hook('gp7_robot', 'cmake_prefix_path')
[4.730s] INFO:colcon.colcon_core.shell:Creating environment hook '/home/jeewantha/Desktop/GP7_Robot._Simulaion/install/gp7_robot/share/gp7_robot/hook/cmake_prefix_path.ps1'
[4.731s] INFO:colcon.colcon_core.shell:Creating environment descriptor '/home/jeewantha/Desktop/GP7_Robot._Simulaion/install/gp7_robot/share/gp7_robot/hook/cmake_prefix_path.dsv'
[4.731s] INFO:colcon.colcon_core.shell:Creating environment hook '/home/jeewantha/Desktop/GP7_Robot._Simulaion/install/gp7_robot/share/gp7_robot/hook/cmake_prefix_path.sh'
[4.732s] Level 1:colcon.colcon_core.environment:checking '/home/jeewantha/Desktop/GP7_Robot._Simulaion/install/gp7_robot/bin'
[4.732s] Level 1:colcon.colcon_core.environment:checking '/home/jeewantha/Desktop/GP7_Robot._Simulaion/install/gp7_robot/lib/pkgconfig/gp7_robot.pc'
[4.732s] Level 1:colcon.colcon_core.environment:checking '/home/jeewantha/Desktop/GP7_Robot._Simulaion/install/gp7_robot/lib/python3.12/site-packages'
[4.732s] Level 1:colcon.colcon_core.environment:checking '/home/jeewantha/Desktop/GP7_Robot._Simulaion/install/gp7_robot/bin'
[4.732s] INFO:colcon.colcon_core.shell:Creating package script '/home/jeewantha/Desktop/GP7_Robot._Simulaion/install/gp7_robot/share/gp7_robot/package.ps1'
[4.733s] INFO:colcon.colcon_core.shell:Creating package descriptor '/home/jeewantha/Desktop/GP7_Robot._Simulaion/install/gp7_robot/share/gp7_robot/package.dsv'
[4.735s] INFO:colcon.colcon_core.shell:Creating package script '/home/jeewantha/Desktop/GP7_Robot._Simulaion/install/gp7_robot/share/gp7_robot/package.sh'
[4.736s] INFO:colcon.colcon_core.shell:Creating package script '/home/jeewantha/Desktop/GP7_Robot._Simulaion/install/gp7_robot/share/gp7_robot/package.bash'
[4.737s] INFO:colcon.colcon_core.shell:Creating package script '/home/jeewantha/Desktop/GP7_Robot._Simulaion/install/gp7_robot/share/gp7_robot/package.zsh'
[4.738s] Level 1:colcon.colcon_core.environment:create_file_with_runtime_dependencies(/home/jeewantha/Desktop/GP7_Robot._Simulaion/install/gp7_robot/share/colcon-core/packages/gp7_robot)
[4.738s] DEBUG:colcon.colcon_parallel_executor.executor.parallel:closing loop
[4.738s] DEBUG:colcon.colcon_parallel_executor.executor.parallel:loop closed
[4.738s] DEBUG:colcon.colcon_parallel_executor.executor.parallel:run_until_complete finished with '0'
[4.738s] DEBUG:colcon.colcon_core.event_reactor:joining thread
[4.746s] INFO:colcon.colcon_core.plugin_system:Skipping extension 'colcon_notification.desktop_notification.terminal_notifier': Not used on non-Darwin systems
[4.747s] INFO:colcon.colcon_core.plugin_system:Skipping extension 'colcon_notification.desktop_notification.win32': Not used on non-Windows systems
[4.747s] INFO:colcon.colcon_notification.desktop_notification:Sending desktop notification using 'notify2'
[4.773s] DEBUG:colcon.colcon_core.event_reactor:joined thread
[4.774s] INFO:colcon.colcon_core.shell:Creating prefix script '/home/jeewantha/Desktop/GP7_Robot._Simulaion/install/local_setup.ps1'
[4.775s] INFO:colcon.colcon_core.shell:Creating prefix util module '/home/jeewantha/Desktop/GP7_Robot._Simulaion/install/_local_setup_util_ps1.py'
[4.776s] INFO:colcon.colcon_core.shell:Creating prefix chain script '/home/jeewantha/Desktop/GP7_Robot._Simulaion/install/setup.ps1'
[4.777s] INFO:colcon.colcon_core.shell:Creating prefix script '/home/jeewantha/Desktop/GP7_Robot._Simulaion/install/local_setup.sh'
[4.778s] INFO:colcon.colcon_core.shell:Creating prefix util module '/home/jeewantha/Desktop/GP7_Robot._Simulaion/install/_local_setup_util_sh.py'
[4.779s] INFO:colcon.colcon_core.shell:Creating prefix chain script '/home/jeewantha/Desktop/GP7_Robot._Simulaion/install/setup.sh'
[4.780s] INFO:colcon.colcon_core.shell:Creating prefix script '/home/jeewantha/Desktop/GP7_Robot._Simulaion/install/local_setup.bash'
[4.781s] INFO:colcon.colcon_core.shell:Creating prefix chain script '/home/jeewantha/Desktop/GP7_Robot._Simulaion/install/setup.bash'
[4.783s] INFO:colcon.colcon_core.shell:Creating prefix script '/home/jeewantha/Desktop/GP7_Robot._Simulaion/install/local_setup.zsh'
[4.783s] INFO:colcon.colcon_core.shell:Creating prefix chain script '/home/jeewantha/Desktop/GP7_Robot._Simulaion/install/setup.zsh'
