[0.125s] DEBUG:colcon:Command line arguments: ['/usr/bin/colcon', 'build', '--base-paths', '.']
[0.125s] DEBUG:colcon:Parsed command line arguments: Namespace(log_base=None, log_level=None, verb_name='build', build_base='build', install_base='install', merge_install=False, symlink_install=False, test_result_base=None, continue_on_error=False, executor='parallel', parallel_workers=8, event_handlers=None, ignore_user_meta=False, metas=['./colcon.meta'], base_paths=['.'], packages_ignore=None, packages_ignore_regex=None, paths=None, packages_up_to=None, packages_up_to_regex=None, packages_above=None, packages_above_and_dependencies=None, packages_above_depth=None, packages_select_by_dep=None, packages_skip_by_dep=None, packages_skip_up_to=None, packages_select_build_failed=False, packages_skip_build_finished=False, packages_select_test_failures=False, packages_skip_test_passed=False, packages_select=None, packages_skip=None, packages_select_regex=None, packages_skip_regex=None, packages_start=None, packages_end=None, allow_overriding=[], cmake_args=None, cmake_target=None, cmake_target_skip_unavailable=False, cmake_clean_cache=False, cmake_clean_first=False, cmake_force_configure=False, ament_cmake_args=None, catkin_cmake_args=None, catkin_skip_building_tests=False, mixin_files=None, mixin=None, verb_parser=<colcon_mixin.mixin.mixin_argument.MixinArgumentDecorator object at 0x71824999a030>, verb_extension=<colcon_core.verb.build.BuildVerb object at 0x718249999cd0>, main=<bound method BuildVerb.main of <colcon_core.verb.build.BuildVerb object at 0x718249999cd0>>, mixin_verb=('build',))
[0.176s] Level 1:colcon.colcon_core.package_discovery:discover_packages(colcon_meta) check parameters
[0.176s] Level 1:colcon.colcon_core.package_discovery:discover_packages(recursive) check parameters
[0.176s] Level 1:colcon.colcon_core.package_discovery:discover_packages(ignore) check parameters
[0.176s] Level 1:colcon.colcon_core.package_discovery:discover_packages(path) check parameters
[0.176s] Level 1:colcon.colcon_core.package_discovery:discover_packages(recursive) discover
[0.176s] INFO:colcon.colcon_core.package_discovery:Crawling recursively for packages in '/home/jeewantha/Desktop/GP7_Robot._Simulaion/gp7_boxes'
[0.176s] Level 1:colcon.colcon_core.package_identification:_identify(.) by extensions ['ignore', 'ignore_ament_install']
[0.176s] Level 1:colcon.colcon_core.package_identification:_identify(.) by extension 'ignore'
[0.176s] Level 1:colcon.colcon_core.package_identification:_identify(.) by extension 'ignore_ament_install'
[0.176s] Level 1:colcon.colcon_core.package_identification:_identify(.) by extensions ['colcon_pkg']
[0.176s] Level 1:colcon.colcon_core.package_identification:_identify(.) by extension 'colcon_pkg'
[0.176s] Level 1:colcon.colcon_core.package_identification:_identify(.) by extensions ['colcon_meta']
[0.176s] Level 1:colcon.colcon_core.package_identification:_identify(.) by extension 'colcon_meta'
[0.177s] Level 1:colcon.colcon_core.package_identification:_identify(.) by extensions ['ros']
[0.177s] Level 1:colcon.colcon_core.package_identification:_identify(.) by extension 'ros'
[0.396s] DEBUG:colcon.colcon_core.package_identification:Package '.' with type 'ros.ament_python' and name 'gp7_boxes'
[0.397s] Level 1:colcon.colcon_core.package_discovery:discover_packages(recursive) using defaults
[0.424s] Level 1:colcon.colcon_core.package_discovery:discover_packages(prefix_path) check parameters
[0.424s] Level 1:colcon.colcon_core.package_discovery:discover_packages(prefix_path) discover
[0.429s] DEBUG:colcon.colcon_installed_package_information.package_discovery:Found 431 installed packages in /opt/ros/jazzy
[0.431s] Level 1:colcon.colcon_core.package_discovery:discover_packages(prefix_path) using defaults
[0.485s] Level 5:colcon.colcon_core.verb:set package 'gp7_boxes' build argument 'cmake_args' from command line to 'None'
[0.485s] Level 5:colcon.colcon_core.verb:set package 'gp7_boxes' build argument 'cmake_target' from command line to 'None'
[0.485s] Level 5:colcon.colcon_core.verb:set package 'gp7_boxes' build argument 'cmake_target_skip_unavailable' from command line to 'False'
[0.485s] Level 5:colcon.colcon_core.verb:set package 'gp7_boxes' build argument 'cmake_clean_cache' from command line to 'False'
[0.485s] Level 5:colcon.colcon_core.verb:set package 'gp7_boxes' build argument 'cmake_clean_first' from command line to 'False'
[0.485s] Level 5:colcon.colcon_core.verb:set package 'gp7_boxes' build argument 'cmake_force_configure' from command line to 'False'
[0.485s] Level 5:colcon.colcon_core.verb:set package 'gp7_boxes' build argument 'ament_cmake_args' from command line to 'None'
[0.485s] Level 5:colcon.colcon_core.verb:set package 'gp7_boxes' build argument 'catkin_cmake_args' from command line to 'None'
[0.485s] Level 5:colcon.colcon_core.verb:set package 'gp7_boxes' build argument 'catkin_skip_building_tests' from command line to 'False'
[0.485s] DEBUG:colcon.colcon_core.verb:Building package 'gp7_boxes' with the following arguments: {'ament_cmake_args': None, 'build_base': '/home/jeewantha/Desktop/GP7_Robot._Simulaion/gp7_boxes/build/gp7_boxes', 'catkin_cmake_args': None, 'catkin_skip_building_tests': False, 'cmake_args': None, 'cmake_clean_cache': False, 'cmake_clean_first': False, 'cmake_force_configure': False, 'cmake_target': None, 'cmake_target_skip_unavailable': False, 'install_base': '/home/jeewantha/Desktop/GP7_Robot._Simulaion/gp7_boxes/install/gp7_boxes', 'merge_install': False, 'path': '/home/jeewantha/Desktop/GP7_Robot._Simulaion/gp7_boxes', 'symlink_install': False, 'test_result_base': None}
[0.485s] INFO:colcon.colcon_core.executor:Executing jobs using 'parallel' executor
[0.487s] DEBUG:colcon.colcon_parallel_executor.executor.parallel:run_until_complete
[0.487s] INFO:colcon.colcon_ros.task.ament_python.build:Building ROS package in '/home/jeewantha/Desktop/GP7_Robot._Simulaion/gp7_boxes' with build type 'ament_python'
[0.487s] Level 1:colcon.colcon_core.shell:create_environment_hook('gp7_boxes', 'ament_prefix_path')
[0.489s] INFO:colcon.colcon_core.plugin_system:Skipping extension 'colcon_core.shell.bat': Not used on non-Windows systems
[0.490s] INFO:colcon.colcon_core.shell:Creating environment hook '/home/jeewantha/Desktop/GP7_Robot._Simulaion/gp7_boxes/install/gp7_boxes/share/gp7_boxes/hook/ament_prefix_path.ps1'
[0.490s] INFO:colcon.colcon_core.shell:Creating environment descriptor '/home/jeewantha/Desktop/GP7_Robot._Simulaion/gp7_boxes/install/gp7_boxes/share/gp7_boxes/hook/ament_prefix_path.dsv'
[0.491s] INFO:colcon.colcon_core.shell:Creating environment hook '/home/jeewantha/Desktop/GP7_Robot._Simulaion/gp7_boxes/install/gp7_boxes/share/gp7_boxes/hook/ament_prefix_path.sh'
[0.491s] INFO:colcon.colcon_core.shell:Skip shell extension 'powershell' for command environment: Not usable outside of PowerShell
[0.491s] DEBUG:colcon.colcon_core.shell:Skip shell extension 'dsv' for command environment
[1.291s] INFO:colcon.colcon_core.task.python.build:Building Python package in '/home/jeewantha/Desktop/GP7_Robot._Simulaion/gp7_boxes'
[1.291s] INFO:colcon.colcon_core.shell:Skip shell extension 'powershell' for command environment: Not usable outside of PowerShell
[1.292s] DEBUG:colcon.colcon_core.shell:Skip shell extension 'dsv' for command environment
[5.277s] DEBUG:colcon.colcon_core.event_handler.log_command:Invoking command in '/home/jeewantha/Desktop/GP7_Robot._Simulaion/gp7_boxes': CONDA_PROMPT_MODIFIER=(base) DEBUGINFOD_URLS=https://debuginfod.ubuntu.com PYTHONPATH=/home/jeewantha/Desktop/GP7_Robot._Simulaion/gp7_boxes/build/gp7_boxes/prefix_override:/usr/lib/python3/dist-packages/colcon_core/task/python/colcon_distutils_commands:/home/jeewantha/Desktop/GP7_Robot._Simulaion/gp7_boxes/install/gp7_boxes/lib/python3.12/site-packages:${PYTHONPATH} /usr/bin/python3 -W ignore:setup.py install is deprecated -W ignore:easy_install command is deprecated setup.py egg_info --egg-base build/gp7_boxes build --build-base /home/jeewantha/Desktop/GP7_Robot._Simulaion/gp7_boxes/build/gp7_boxes/build install --record /home/jeewantha/Desktop/GP7_Robot._Simulaion/gp7_boxes/build/gp7_boxes/install.log --single-version-externally-managed install_data
[5.971s] DEBUG:colcon.colcon_core.event_handler.log_command:Invoked command in '/home/jeewantha/Desktop/GP7_Robot._Simulaion/gp7_boxes' returned '0': CONDA_PROMPT_MODIFIER=(base) DEBUGINFOD_URLS=https://debuginfod.ubuntu.com PYTHONPATH=/home/jeewantha/Desktop/GP7_Robot._Simulaion/gp7_boxes/build/gp7_boxes/prefix_override:/usr/lib/python3/dist-packages/colcon_core/task/python/colcon_distutils_commands:/home/jeewantha/Desktop/GP7_Robot._Simulaion/gp7_boxes/install/gp7_boxes/lib/python3.12/site-packages:${PYTHONPATH} /usr/bin/python3 -W ignore:setup.py install is deprecated -W ignore:easy_install command is deprecated setup.py egg_info --egg-base build/gp7_boxes build --build-base /home/jeewantha/Desktop/GP7_Robot._Simulaion/gp7_boxes/build/gp7_boxes/build install --record /home/jeewantha/Desktop/GP7_Robot._Simulaion/gp7_boxes/build/gp7_boxes/install.log --single-version-externally-managed install_data
[5.973s] Level 1:colcon.colcon_core.environment:checking '/home/jeewantha/Desktop/GP7_Robot._Simulaion/gp7_boxes/install/gp7_boxes' for CMake module files
[5.974s] Level 1:colcon.colcon_core.environment:checking '/home/jeewantha/Desktop/GP7_Robot._Simulaion/gp7_boxes/install/gp7_boxes' for CMake config files
[5.975s] Level 1:colcon.colcon_core.environment:checking '/home/jeewantha/Desktop/GP7_Robot._Simulaion/gp7_boxes/install/gp7_boxes/lib'
[5.975s] Level 1:colcon.colcon_core.environment:checking '/home/jeewantha/Desktop/GP7_Robot._Simulaion/gp7_boxes/install/gp7_boxes/bin'
[5.975s] Level 1:colcon.colcon_core.environment:checking '/home/jeewantha/Desktop/GP7_Robot._Simulaion/gp7_boxes/install/gp7_boxes/lib/pkgconfig/gp7_boxes.pc'
[5.975s] Level 1:colcon.colcon_core.environment:checking '/home/jeewantha/Desktop/GP7_Robot._Simulaion/gp7_boxes/install/gp7_boxes/lib/python3.12/site-packages'
[5.975s] Level 1:colcon.colcon_core.shell:create_environment_hook('gp7_boxes', 'pythonpath')
[5.976s] INFO:colcon.colcon_core.shell:Creating environment hook '/home/jeewantha/Desktop/GP7_Robot._Simulaion/gp7_boxes/install/gp7_boxes/share/gp7_boxes/hook/pythonpath.ps1'
[5.976s] INFO:colcon.colcon_core.shell:Creating environment descriptor '/home/jeewantha/Desktop/GP7_Robot._Simulaion/gp7_boxes/install/gp7_boxes/share/gp7_boxes/hook/pythonpath.dsv'
[5.977s] INFO:colcon.colcon_core.shell:Creating environment hook '/home/jeewantha/Desktop/GP7_Robot._Simulaion/gp7_boxes/install/gp7_boxes/share/gp7_boxes/hook/pythonpath.sh'
[5.977s] Level 1:colcon.colcon_core.environment:checking '/home/jeewantha/Desktop/GP7_Robot._Simulaion/gp7_boxes/install/gp7_boxes/bin'
[5.977s] Level 1:colcon.colcon_core.environment:create_environment_scripts_only(gp7_boxes)
[5.978s] INFO:colcon.colcon_core.shell:Creating package script '/home/jeewantha/Desktop/GP7_Robot._Simulaion/gp7_boxes/install/gp7_boxes/share/gp7_boxes/package.ps1'
[5.979s] INFO:colcon.colcon_core.shell:Creating package descriptor '/home/jeewantha/Desktop/GP7_Robot._Simulaion/gp7_boxes/install/gp7_boxes/share/gp7_boxes/package.dsv'
[5.979s] INFO:colcon.colcon_core.shell:Creating package script '/home/jeewantha/Desktop/GP7_Robot._Simulaion/gp7_boxes/install/gp7_boxes/share/gp7_boxes/package.sh'
[5.980s] INFO:colcon.colcon_core.shell:Creating package script '/home/jeewantha/Desktop/GP7_Robot._Simulaion/gp7_boxes/install/gp7_boxes/share/gp7_boxes/package.bash'
[5.981s] INFO:colcon.colcon_core.shell:Creating package script '/home/jeewantha/Desktop/GP7_Robot._Simulaion/gp7_boxes/install/gp7_boxes/share/gp7_boxes/package.zsh'
[5.982s] Level 1:colcon.colcon_core.environment:create_file_with_runtime_dependencies(/home/jeewantha/Desktop/GP7_Robot._Simulaion/gp7_boxes/install/gp7_boxes/share/colcon-core/packages/gp7_boxes)
[5.984s] DEBUG:colcon.colcon_parallel_executor.executor.parallel:closing loop
[5.984s] DEBUG:colcon.colcon_parallel_executor.executor.parallel:loop closed
[5.985s] DEBUG:colcon.colcon_parallel_executor.executor.parallel:run_until_complete finished with '0'
[5.985s] DEBUG:colcon.colcon_core.event_reactor:joining thread
[5.990s] INFO:colcon.colcon_core.plugin_system:Skipping extension 'colcon_notification.desktop_notification.terminal_notifier': Not used on non-Darwin systems
[5.990s] INFO:colcon.colcon_core.plugin_system:Skipping extension 'colcon_notification.desktop_notification.win32': Not used on non-Windows systems
[5.990s] INFO:colcon.colcon_notification.desktop_notification:Sending desktop notification using 'notify2'
[6.196s] DEBUG:colcon.colcon_core.event_reactor:joined thread
[6.196s] INFO:colcon.colcon_core.shell:Creating prefix script '/home/jeewantha/Desktop/GP7_Robot._Simulaion/gp7_boxes/install/local_setup.ps1'
[6.197s] INFO:colcon.colcon_core.shell:Creating prefix util module '/home/jeewantha/Desktop/GP7_Robot._Simulaion/gp7_boxes/install/_local_setup_util_ps1.py'
[6.198s] INFO:colcon.colcon_core.shell:Creating prefix chain script '/home/jeewantha/Desktop/GP7_Robot._Simulaion/gp7_boxes/install/setup.ps1'
[6.199s] INFO:colcon.colcon_core.shell:Creating prefix script '/home/jeewantha/Desktop/GP7_Robot._Simulaion/gp7_boxes/install/local_setup.sh'
[6.199s] INFO:colcon.colcon_core.shell:Creating prefix util module '/home/jeewantha/Desktop/GP7_Robot._Simulaion/gp7_boxes/install/_local_setup_util_sh.py'
[6.202s] INFO:colcon.colcon_core.shell:Creating prefix chain script '/home/jeewantha/Desktop/GP7_Robot._Simulaion/gp7_boxes/install/setup.sh'
[6.204s] INFO:colcon.colcon_core.shell:Creating prefix script '/home/jeewantha/Desktop/GP7_Robot._Simulaion/gp7_boxes/install/local_setup.bash'
[6.204s] INFO:colcon.colcon_core.shell:Creating prefix chain script '/home/jeewantha/Desktop/GP7_Robot._Simulaion/gp7_boxes/install/setup.bash'
[6.205s] INFO:colcon.colcon_core.shell:Creating prefix script '/home/jeewantha/Desktop/GP7_Robot._Simulaion/gp7_boxes/install/local_setup.zsh'
[6.206s] INFO:colcon.colcon_core.shell:Creating prefix chain script '/home/jeewantha/Desktop/GP7_Robot._Simulaion/gp7_boxes/install/setup.zsh'
